<?xml version="1.0" encoding="UTF-8"?>
<testsuite name="agh.ics.oop.AnimalTest" tests="1" skipped="0" failures="0" errors="0" timestamp="2022-11-28T10:22:35" hostname="LAPTOP-D03DR2UC" time="0.016">
  <properties/>
  <testcase name="parsingTest()" classname="agh.ics.oop.AnimalTest" time="0.016"/>
  <system-out><![CDATA[]]></system-out>
  <system-err><![CDATA[]]></system-err>
</testsuite>
