<?xml version="1.0" encoding="UTF-8"?>
<testsuite name="agh.ics.oop.MapDirectionTest" tests="1" skipped="0" failures="0" errors="0" timestamp="2022-12-27T16:00:03" hostname="LAPTOP-D03DR2UC" time="0.018">
  <properties/>
  <testcase name="methodsTest()" classname="agh.ics.oop.MapDirectionTest" time="0.018"/>
  <system-out><![CDATA[]]></system-out>
  <system-err><![CDATA[]]></system-err>
</testsuite>
